execve("./hello", ["./hello"], 0x7ffe4de24190 /* 72 vars */) = 0
brk(NULL)                               = 0x55a203eec000
access("/etc/ld.so.preload", R_OK)      = -1 ENOENT (そのようなファイルやディレクトリはありません)
openat(AT_FDCWD, "/etc/ld.so.cache", O_RDONLY|O_CLOEXEC) = 3
fstat(3, {st_mode=S_IFREG|0644, st_size=210938, ...}) = 0
mmap(NULL, 210938, PROT_READ, MAP_PRIVATE, 3, 0) = 0x7fba91e19000
close(3)                                = 0
openat(AT_FDCWD, "/lib/x86_64-linux-gnu/libgcc_s.so.1", O_RDONLY|O_CLOEXEC) = 3
read(3, "\177ELF\2\1\1\0\0\0\0\0\0\0\0\0\3\0>\0\1\0\0\0\0\0\0\0\0\0\0\0"..., 832) = 832
fstat(3, {st_mode=S_IFREG|0644, st_size=104896, ...}) = 0
mmap(NULL, 8192, PROT_READ|PROT_WRITE, MAP_PRIVATE|MAP_ANONYMOUS, -1, 0) = 0x7fba91e17000
mmap(NULL, 103464, PROT_READ, MAP_PRIVATE|MAP_DENYWRITE, 3, 0) = 0x7fba91dfd000
mmap(0x7fba91e00000, 73728, PROT_READ|PROT_EXEC, MAP_PRIVATE|MAP_FIXED|MAP_DENYWRITE, 3, 0x3000) = 0x7fba91e00000
mmap(0x7fba91e12000, 12288, PROT_READ, MAP_PRIVATE|MAP_FIXED|MAP_DENYWRITE, 3, 0x15000) = 0x7fba91e12000
mmap(0x7fba91e15000, 8192, PROT_READ|PROT_WRITE, MAP_PRIVATE|MAP_FIXED|MAP_DENYWRITE, 3, 0x18000) = 0x7fba91e15000
close(3)                                = 0
openat(AT_FDCWD, "/lib/x86_64-linux-gnu/libpthread.so.0", O_RDONLY|O_CLOEXEC) = 3
read(3, "\177ELF\2\1\1\0\0\0\0\0\0\0\0\0\3\0>\0\1\0\0\0 l\0\0\0\0\0\0"..., 832) = 832
fstat(3, {st_mode=S_IFREG|0755, st_size=149520, ...}) = 0
mmap(NULL, 136304, PROT_READ, MAP_PRIVATE|MAP_DENYWRITE, 3, 0) = 0x7fba91ddb000
mmap(0x7fba91de1000, 65536, PROT_READ|PROT_EXEC, MAP_PRIVATE|MAP_FIXED|MAP_DENYWRITE, 3, 0x6000) = 0x7fba91de1000
mmap(0x7fba91df1000, 24576, PROT_READ, MAP_PRIVATE|MAP_FIXED|MAP_DENYWRITE, 3, 0x16000) = 0x7fba91df1000
mmap(0x7fba91df7000, 8192, PROT_READ|PROT_WRITE, MAP_PRIVATE|MAP_FIXED|MAP_DENYWRITE, 3, 0x1b000) = 0x7fba91df7000
mmap(0x7fba91df9000, 13424, PROT_READ|PROT_WRITE, MAP_PRIVATE|MAP_FIXED|MAP_ANONYMOUS, -1, 0) = 0x7fba91df9000
close(3)                                = 0
openat(AT_FDCWD, "/lib/x86_64-linux-gnu/libdl.so.2", O_RDONLY|O_CLOEXEC) = 3
read(3, "\177ELF\2\1\1\0\0\0\0\0\0\0\0\0\3\0>\0\1\0\0\0000\21\0\0\0\0\0\0"..., 832) = 832
fstat(3, {st_mode=S_IFREG|0644, st_size=18688, ...}) = 0
mmap(NULL, 20752, PROT_READ, MAP_PRIVATE|MAP_DENYWRITE, 3, 0) = 0x7fba91dd5000
mmap(0x7fba91dd6000, 8192, PROT_READ|PROT_EXEC, MAP_PRIVATE|MAP_FIXED|MAP_DENYWRITE, 3, 0x1000) = 0x7fba91dd6000
mmap(0x7fba91dd8000, 4096, PROT_READ, MAP_PRIVATE|MAP_FIXED|MAP_DENYWRITE, 3, 0x3000) = 0x7fba91dd8000
mmap(0x7fba91dd9000, 8192, PROT_READ|PROT_WRITE, MAP_PRIVATE|MAP_FIXED|MAP_DENYWRITE, 3, 0x3000) = 0x7fba91dd9000
close(3)                                = 0
openat(AT_FDCWD, "/lib/x86_64-linux-gnu/libc.so.6", O_RDONLY|O_CLOEXEC) = 3
read(3, "\177ELF\2\1\1\3\0\0\0\0\0\0\0\0\3\0>\0\1\0\0\0@>\2\0\0\0\0\0"..., 832) = 832
fstat(3, {st_mode=S_IFREG|0755, st_size=1905632, ...}) = 0
mmap(NULL, 1918592, PROT_READ, MAP_PRIVATE|MAP_DENYWRITE, 3, 0) = 0x7fba91c00000
mmap(0x7fba91c22000, 1417216, PROT_READ|PROT_EXEC, MAP_PRIVATE|MAP_FIXED|MAP_DENYWRITE, 3, 0x22000) = 0x7fba91c22000
mmap(0x7fba91d7c000, 323584, PROT_READ, MAP_PRIVATE|MAP_FIXED|MAP_DENYWRITE, 3, 0x17c000) = 0x7fba91d7c000
mmap(0x7fba91dcb000, 24576, PROT_READ|PROT_WRITE, MAP_PRIVATE|MAP_FIXED|MAP_DENYWRITE, 3, 0x1ca000) = 0x7fba91dcb000
mmap(0x7fba91dd1000, 13952, PROT_READ|PROT_WRITE, MAP_PRIVATE|MAP_FIXED|MAP_ANONYMOUS, -1, 0) = 0x7fba91dd1000
close(3)                                = 0
mmap(NULL, 8192, PROT_READ|PROT_WRITE, MAP_PRIVATE|MAP_ANONYMOUS, -1, 0) = 0x7fba91bfe000
arch_prctl(ARCH_SET_FS, 0x7fba91bfebc0) = 0
mprotect(0x7fba91dcb000, 16384, PROT_READ) = 0
mprotect(0x7fba91dd9000, 4096, PROT_READ) = 0
mprotect(0x7fba91df7000, 4096, PROT_READ) = 0
mprotect(0x7fba91e15000, 4096, PROT_READ) = 0
mprotect(0x55a203b7c000, 12288, PROT_READ) = 0
mprotect(0x7fba91e77000, 4096, PROT_READ) = 0
munmap(0x7fba91e19000, 210938)          = 0
set_tid_address(0x7fba91bfee90)         = 4781
set_robust_list(0x7fba91bfeea0, 24)     = 0
rt_sigaction(SIGRTMIN, {sa_handler=0x7fba91de1690, sa_mask=[], sa_flags=SA_RESTORER|SA_SIGINFO, sa_restorer=0x7fba91dee140}, NULL, 8) = 0
rt_sigaction(SIGRT_1, {sa_handler=0x7fba91de1730, sa_mask=[], sa_flags=SA_RESTORER|SA_RESTART|SA_SIGINFO, sa_restorer=0x7fba91dee140}, NULL, 8) = 0
rt_sigprocmask(SIG_UNBLOCK, [RTMIN RT_1], NULL, 8) = 0
prlimit64(0, RLIMIT_STACK, NULL, {rlim_cur=8192*1024, rlim_max=RLIM64_INFINITY}) = 0
poll([{fd=0, events=0}, {fd=1, events=0}, {fd=2, events=0}], 3, 0) = 0 (Timeout)
rt_sigaction(SIGPIPE, {sa_handler=SIG_IGN, sa_mask=[PIPE], sa_flags=SA_RESTORER|SA_RESTART, sa_restorer=0x7fba91c38d60}, {sa_handler=SIG_DFL, sa_mask=[], sa_flags=0}, 8) = 0
rt_sigaction(SIGSEGV, NULL, {sa_handler=SIG_DFL, sa_mask=[], sa_flags=0}, 8) = 0
rt_sigaction(SIGSEGV, {sa_handler=0x55a203b53000, sa_mask=[], sa_flags=SA_RESTORER|SA_ONSTACK|SA_SIGINFO, sa_restorer=0x7fba91dee140}, NULL, 8) = 0
rt_sigaction(SIGBUS, NULL, {sa_handler=SIG_DFL, sa_mask=[], sa_flags=0}, 8) = 0
rt_sigaction(SIGBUS, {sa_handler=0x55a203b53000, sa_mask=[], sa_flags=SA_RESTORER|SA_ONSTACK|SA_SIGINFO, sa_restorer=0x7fba91dee140}, NULL, 8) = 0
sigaltstack(NULL, {ss_sp=NULL, ss_flags=SS_DISABLE, ss_size=0}) = 0
mmap(NULL, 12288, PROT_READ|PROT_WRITE, MAP_PRIVATE|MAP_ANONYMOUS|MAP_STACK, -1, 0) = 0x7fba91e4a000
mprotect(0x7fba91e4a000, 4096, PROT_NONE) = 0
sigaltstack({ss_sp=0x7fba91e4b000, ss_flags=0, ss_size=8192}, NULL) = 0
brk(NULL)                               = 0x55a203eec000
brk(0x55a203f0d000)                     = 0x55a203f0d000
openat(AT_FDCWD, "/proc/self/maps", O_RDONLY|O_CLOEXEC) = 3
prlimit64(0, RLIMIT_STACK, NULL, {rlim_cur=8192*1024, rlim_max=RLIM64_INFINITY}) = 0
fstat(3, {st_mode=S_IFREG|0444, st_size=0, ...}) = 0
read(3, "55a203b30000-55a203b36000 r--p 0"..., 1024) = 1024
read(3, "0-7fba91dcb000 r--p 0017c000 00:"..., 1024) = 1024
read(3, "_64-linux-gnu/libpthread-2.31.so"..., 1024) = 1024
read(3, "1e17000 rw-p 00019000 00:19 2874"..., 1024) = 1024
close(3)                                = 0
sched_getaffinity(4781, 32, [0, 1, 2, 3, 4, 5, 6, 7, 8, 9, 10, 11, 12, 13, 14, 15]) = 8
write(1, "hello world\n", 12)           = 12
sigaltstack({ss_sp=NULL, ss_flags=SS_DISABLE, ss_size=8192}, NULL) = 0
munmap(0x7fba91e4a000, 12288)           = 0
exit_group(0)                           = ?
+++ exited with 0 +++
